-------------------

-------------------
build\tsetup\t2023-10-01T12:00:00Z Starting build job...
build\tsetup\t2023-10-01T12:00:01Z Running actions/setup-node@v2
build\tsetup\t2023-10-01T12:00:02Z Node.js version 14.x has been set up.
build\tsetup\t2023-10-01T12:00:02Z Caching node modules...
build\tsetup\t2023-10-01T12:00:03Z Cache restored successfully.
build\tsetup\t2023-10-01T12:00:03Z Installing dependencies...
build\tsetup\t2023-10-01T12:00:05Z > npm install
build\tsetup\t2023-10-01T12:00:05Z ⠋ Installing dependencies...
build\tsetup\t2023-10-01T12:00:06Z ✔ Installed dependencies successfully.
build\tsetup\t2023-10-01T12:00:06Z Build job completed successfully.

build\tbuild\t2023-10-01T12:00:06Z Starting build step...
build\tbuild\t2023-10-01T12:00:07Z Compiling source code...
build\tbuild\t2023-10-01T12:00:08Z > tsc
build\tbuild\t2023-10-01T12:00:08Z ✔ Compilation successful.
build\tbuild\t2023-10-01T12:00:08Z Build artifacts created.

test\tsetup\t2023-10-01T12:00:09Z Starting test job...
test\tsetup\t2023-10-01T12:00:10Z Running actions/setup-node@v2
test\tsetup\t2023-10-01T12:00:11Z Node.js version 14.x has been set up.
test\tsetup\t2023-10-01T12:00:11Z Caching test dependencies...
test\tsetup\t2023-10-01T12:00:12Z Cache restored successfully.
test\tsetup\t2023-10-01T12:00:12Z Running tests...
test\tstep\t2023-10-01T12:00:13Z > npm test
test\tstep\t2023-10-01T12:00:13Z ✔ Test suite passed.
test\tsetup\t2023-10-01T12:00:14Z All tests completed successfully.

deploy\tsetup\t2023-10-01T12:00:15Z Starting deployment job...
deploy\tsetup\t2023-10-01T12:00:16Z Deploying to production environment...
deploy\tsetup\t2023-10-01T12:00:17Z Running deployment script...
deploy\tstep\t2023-10-01T12:00:18Z > npm run deploy
deploy\tstep\t2023-10-01T12:00:18Z ⠋ Deploying...
deploy\tstep\t2023-10-01T12:00:19Z WARNING: Deployment taking longer than expected.
deploy\tstep\t2023-10-01T12:00:30Z ERROR: Deployment timed out after 30 seconds.
deploy\tstep\t2023-10-01T12:00:31Z Deployment failed.
deploy\tsetup\t2023-10-01T12:00:32Z Cleaning up resources...
deploy\tsetup\t2023-10-01T12:00:33Z Deployment job completed with errors.

##[group] Summary
build\tsummary\t2023-10-01T12:00:34Z Build job: success
test\tsummary\t2023-10-01T12:00:34Z Test job: success
deploy\tsummary\t2023-10-01T12:00:34Z Deployment job: failure
##[endgroup]

-------------------------