-------------------

-------------------
build\tsetup\t2023-10-01T12:00:00Z Starting build job...
build\tsetup\t2023-10-01T12:00:01Z Setting up the environment...
build\tsetup\t2023-10-01T12:00:02Z Node.js version: v16.13.0
build\tsetup\t2023-10-01T12:00:02Z Installing dependencies...
build\tsetup\t2023-10-01T12:00:05Z > npm install
build\tsetup\t2023-10-01T12:00:06Z > node-pre-gyp install --fallback-to-build
build\tsetup\t2023-10-01T12:00:10Z > npm WARN deprecated request@2.88.2: request has been deprecated, see https://github.com/request/request/issues/3142
build\tsetup\t2023-10-01T12:00:12Z Successfully installed dependencies.
build\tsetup\t2023-10-01T12:00:12Z Environment setup complete.

build\tbuild\t2023-10-01T12:00:13Z Building the project...
build\tbuild\t2023-10-01T12:00:14Z Compiling TypeScript files...
build\tbuild\t2023-10-01T12:00:15Z ✔ Compilation completed successfully.
build\tbuild\t2023-10-01T12:00:15Z Running linters...
build\tbuild\t2023-10-01T12:00:16Z ✔ Linting completed without errors.

##[group]Running tests
test\tsetup\t2023-10-01T12:00:17Z Setting up test environment...
test\tsetup\t2023-10-01T12:00:18Z Test environment ready.
test\ttest\t2023-10-01T12:00:19Z Starting tests...
test\ttest\t2023-10-01T12:00:20Z Running unit tests...
test\ttest\t2023-10-01T12:00:21Z ✔ All unit tests passed.
test\ttest\t2023-10-01T12:00:21Z Running integration tests...
test\ttest\t2023-10-01T12:00:22Z ✔ All integration tests passed.
##[endgroup]
test\tteardown\t2023-10-01T12:00:23Z Cleaning up test environment...
test\tteardown\t2023-10-01T12:00:24Z Test environment cleaned up.

deploy\tsetup\t2023-10-01T12:00:25Z Starting deployment...
deploy\tsetup\t2023-10-01T12:00:26Z Deploying to production environment...
deploy\tdeploy\t2023-10-01T12:00:27Z Deploying application version 1.0.0...
deploy\tdeploy\t2023-10-01T12:00:28Z Connecting to server...
deploy\tdeploy\t2023-10-01T12:00:29Z Uploading files...
deploy\tdeploy\t2023-10-01T12:00:30Z Upload complete, starting application...
deploy\tdeploy\t2023-10-01T12:00:31Z Application startup initiated.
deploy\tdeploy\t2023-10-01T12:00:32Z Waiting for application to respond...
deploy\tdeploy\t2023-10-01T12:00:37Z WARNING: Deployment is taking longer than expected.
deploy\tdeploy\t2023-10-01T12:00:42Z ERROR: Deployment timeout reached.
deploy\tdeploy\t2023-10-01T12:00:43Z Deployment failed due to timeout.

-------------------------