-------------------

-------------------
build\tsetup\t2023-10-01 12:00:00 Starting build job...
build\tsetup\t2023-10-01 12:00:01 Setting up Node.js environment...
build\tsetup\t2023-10-01 12:00:02 Node.js version 16.14.0 installed.
build\tsetup\t2023-10-01 12:00:03 Installing dependencies...
build\tsetup\t2023-10-01 12:00:05 Dependencies installed successfully.
build\tsetup\t2023-10-01 12:00:06 ##[group] Running build script...
build\tstep\t2023-10-01 12:00:07 Running build command: npm run build
build\tstep\t2023-10-01 12:00:08 > my-project@1.0.0 build /home/runner/work/my-project
build\tstep\t2023-10-01 12:00:09 > webpack --mode production
build\tstep\t2023-10-01 12:00:10 Hash: abc123
build\tstep\t2023-10-01 12:00:11 Version: webpack 5.64.0
build\tstep\t2023-10-01 12:00:12 Time: 500ms
build\tstep\t2023-10-01 12:00:13 Asset size: 1.23 MB
build\tstep\t2023-10-01 12:00:14 Built successfully.
build\tsetup\t2023-10-01 12:00:15 ##[endgroup]
test\tsetup\t2023-10-01 12:00:16 Starting test job...
test\tsetup\t2023-10-01 12:00:17 Setting up testing environment...
test\tsetup\t2023-10-01 12:00:18 Installing testing dependencies...
test\tsetup\t2023-10-01 12:00:20 Testing dependencies installed.
test\tsetup\t2023-10-01 12:00:21 ##[group] Running tests...
test\tstep\t2023-10-01 12:00:22 Running test command: npm test
test\tstep\t2023-10-01 12:00:23 > my-project@1.0.0 test /home/runner/work/my-project
test\tstep\t2023-10-01 12:00:24 > jest
test\tstep\t2023-10-01 12:00:25 PASS  tests/example.test.js
test\tstep\t2023-10-01 12:00:26 ✓ Example test
test\tstep\t2023-10-01 12:00:27 Test suite passed.
test\tsetup\t2023-10-01 12:00:28 ##[endgroup]
deploy\tsetup\t2023-10-01 12:00:29 Starting deploy job...
deploy\tsetup\t2023-10-01 12:00:30 Setting up deployment environment...
deploy\tsetup\t2023-10-01 12:00:31 Deploying to production server...
deploy\tstep\t2023-10-01 12:00:32 Running deployment script...
deploy\tstep\t2023-10-01 12:00:33 ##[group] Executing deployment...
deploy\tstep\t2023-10-01 12:00:34 ./deploy.sh
deploy\tstep\t2023-10-01 12:00:35 ##[error] Permission denied executing script
deploy\tstep\t2023-10-01 12:00:36 Error: script execution failed
deploy\tstep\t2023-10-01 12:00:37 Cleaning up deployment...
deploy\tstep\t2023-10-01 12:00:38 Deployment failed.
deploy\tsetup\t2023-10-01 12:00:39 ##[endgroup]
deploy\tsetup\t2023-10-01 12:00:40 Job completed with errors.

-------------------------