-------------------

-------------------
build\tsetup\t2023-10-01T12:00:00Z Starting build job...
build\tsetup\t2023-10-01T12:00:01Z Setting up the environment...
build\tsetup\t2023-10-01T12:00:02Z Using Node.js version 14.x
build\tsetup\t2023-10-01T12:00:03Z Installing dependencies...
build\tsetup\t2023-10-01T12:00:05Z Dependencies installed successfully.
build\tsetup\t2023-10-01T12:00:06Z ##[group]Build Steps
build\tstep\t2023-10-01T12:00:07Z Running build script...
build\tstep\t2023-10-01T12:00:08Z > npm run build
build\tstep\t2023-10-01T12:00:09Z > build-script.js
build\tstep\t2023-10-01T12:00:10Z ✔ Build completed successfully.
build\tsetup\t2023-10-01T12:00:11Z ##[endgroup]
test\tsetup\t2023-10-01T12:00:12Z Starting test job...
test\tsetup\t2023-10-01T12:00:13Z Setting up the environment for tests...
test\tsetup\t2023-10-01T12:00:14Z Using Node.js version 14.x
test\tsetup\t2023-10-01T12:00:15Z Installing test dependencies...
test\tsetup\t2023-10-01T12:00:17Z Test dependencies installed successfully.
test\tsetup\t2023-10-01T12:00:18Z ##[group]Test Steps
test\tstep\t2023-10-01T12:00:19Z Running tests...
test\tstep\t2023-10-01T12:00:20Z > npm test
test\tstep\t2023-10-01T12:00:21Z > test-script.js
test\tstep\t2023-10-01T12:00:22Z ✔ All tests passed.
test\tsetup\t2023-10-01T12:00:23Z ##[endgroup]
deploy\tsetup\t2023-10-01T12:00:24Z Starting deploy job...
deploy\tsetup\t2023-10-01T12:00:25Z Setting up the environment for deployment...
deploy\tsetup\t2023-10-01T12:00:26Z Using Node.js version 14.x
deploy\tsetup\t2023-10-01T12:00:27Z Preparing deployment scripts...
deploy\tsetup\t2023-10-01T12:00:28Z ##[group]Deployment Steps
deploy\tstep\t2023-10-01T12:00:29Z Running deployment script...
deploy\tstep\t2023-10-01T12:00:30Z > bash deploy.sh
deploy\tstep\t2023-10-01T12:00:31Z /bin/bash: line 1: ./deploy.sh: Permission denied
deploy\tstep\t2023-10-01T12:00:32Z ##[error]Error: permission denied executing script
deploy\tstep\t2023-10-01T12:00:33Z Deployment failed.
deploy\tsetup\t2023-10-01T12:00:34Z ##[endgroup]
deploy\tcleanup\t2023-10-01T12:00:35Z Cleaning up...
deploy\tcleanup\t2023-10-01T12:00:36Z All resources cleaned up.

-------------------------