-------------------

-------------------
build\tsetup\t2023-10-01T12:00:00Z Setting up the build environment...
build\tsetup\t2023-10-01T12:00:01Z Using Node.js version 16.x
build\tsetup\t2023-10-01T12:00:01Z Installing dependencies...
build\tsetup\t2023-10-01T12:00:03Z Dependencies installed successfully.
build\tsetup\t2023-10-01T12:00:03Z ##[group] Build Steps
build\tbuild\t2023-10-01T12:00:04Z Running build script...
build\tbuild\t2023-10-01T12:00:05Z Compiling TypeScript files...
build\tbuild\t2023-10-01T12:00:06Z ✔  Compiled 12 files successfully.
build\tbuild\t2023-10-01T12:00:06Z ##[endgroup]
test\tsetup\t2023-10-01T12:00:07Z Setting up the test environment...
test\tsetup\t2023-10-01T12:00:08Z Using Jest for testing
test\tsetup\t2023-10-01T12:00:08Z Running tests...
test\ttest\t2023-10-01T12:00:09Z ##[group] Test Steps
test\ttest\t2023-10-01T12:00:10Z Running unit tests...
test\ttest\t2023-10-01T12:00:11Z ✔  All tests passed successfully.
test\ttest\t2023-10-01T12:00:11Z ##[endgroup]
deploy\tsetup\t2023-10-01T12:00:12Z Setting up the deployment environment...
deploy\tsetup\t2023-10-01T12:00:13Z Deploying to production server...
deploy\tdeploy\t2023-10-01T12:00:14Z ##[group] Deployment Steps
deploy\tdeploy\t2023-10-01T12:00:15Z Running deployment script...
deploy\tdeploy\t2023-10-01T12:00:15Z Executing: ./deploy.sh
deploy\tdeploy\t2023-10-01T12:00:15Z /usr/bin/bash: line 1: syntax error in script
deploy\tdeploy\t2023-10-01T12:00:15Z ##[endgroup]
deploy\tcleanup\t2023-10-01T12:00:16Z Cleaning up deployment artifacts...
deploy\tcleanup\t2023-10-01T12:00:17Z Deployment failed with errors.
deploy\tcleanup\t2023-10-01T12:00:18Z Sending notification for failure...
deploy\tcleanup\t2023-10-01T12:00:19Z Notification sent successfully.
deploy\tcleanup\t2023-10-01T12:00:20Z Finished deployment process.

-------------------------