-------------------

-------------------
build\tsetup\t2023-10-01 10:00:00 Setting up the build environment...
build\tsetup\t2023-10-01 10:00:01 Checking out the repository...
build\tsetup\t2023-10-01 10:00:02 Repository checked out successfully.
build\tsetup\t2023-10-01 10:00:03 Installing dependencies...
build\tsetup\t2023-10-01 10:00:04 Installing Python 3.9...
build\tsetup\t2023-10-01 10:00:05 Python 3.9 installed successfully.
build\tsetup\t2023-10-01 10:00:06 Installing pip...
build\tsetup\t2023-10-01 10:00:06 Pip installed successfully.
build\tsetup\t2023-10-01 10:00:07 Installing requirements from requirements.txt...
build\tsetup\t2023-10-01 10:00:08 Collecting numpy
build\tsetup\t2023-10-01 10:00:09 Collecting pandas
build\tsetup\t2023-10-01 10:00:10 Collecting requests
build\tsetup\t2023-10-01 10:00:11 Collecting missing_module
build\tsetup\t2023-10-01 10:00:12 ERROR: Could not find a version that satisfies the requirement missing_module
build\tsetup\t2023-10-01 10:00:13 ERROR: No matching distribution found for missing_module
build\tsetup\t2023-10-01 10:00:14 ##[error]Build failed due to missing dependencies.
build\ttest\t2023-10-01 10:00:15 Starting tests...
build\ttest\t2023-10-01 10:00:16 Running unit tests...
build\ttest\t2023-10-01 10:00:17 ##[group]Unit Tests
build\ttest\t2023-10-01 10:00:18 Test test_addition passed.
build\ttest\t2023-10-01 10:00:19 Test test_subtraction passed.
build\ttest\t2023-10-01 10:00:20 ##[endgroup]
build\ttest\t2023-10-01 10:00:21 Running integration tests...
build\ttest\t2023-10-01 10:00:22 ##[group]Integration Tests
build\ttest\t2023-10-01 10:00:23 Test test_api_response passed.
build\ttest\t2023-10-01 10:00:24 Test test_database_connection passed.
build\ttest\t2023-10-01 10:00:25 ##[endgroup]
build\ttest\t2023-10-01 10:00:26 All tests completed successfully.
build\tdeploy\t2023-10-01 10:00:27 Starting deployment...
build\tdeploy\t2023-10-01 10:00:28 Deploying to production environment...
build\tdeploy\t2023-10-01 10:00:29 Deployment completed successfully.
build\tcleanup\t2023-10-01 10:00:30 Cleaning up...
build\tcleanup\t2023-10-01 10:00:31 Cleanup completed.

-------------------------