-------------------

-------------------
build\tsetup\t2023-10-01T12:00:00Z Starting setup for build job
build\tsetup\t2023-10-01T12:00:01Z Setting up Python 3.8 environment
build\tsetup\t2023-10-01T12:00:02Z Installing dependencies...
build\tsetup\t2023-10-01T12:00:04Z Collecting package metadata (current_repositories): ... 
build\tsetup\t2023-10-01T12:00:05Z Collecting package metadata (current_repositories): done
build\tsetup\t2023-10-01T12:00:06Z Resolving dependencies: ... 
build\tsetup\t2023-10-01T12:00:07Z Resolving dependencies: done
build\tsetup\t2023-10-01T12:00:08Z Installing packages: ... 
build\tsetup\t2023-10-01T12:00:09Z Successfully installed requests-2.25.1 numpy-1.21.0
build\tsetup\t2023-10-01T12:00:10Z ##[group]Environment Info
build\tsetup\t2023-10-01T12:00:11Z OS: ubuntu-latest
build\tsetup\t2023-10-01T12:00:12Z Python version: 3.8.10
build\tsetup\t2023-10-01T12:00:13Z Node version: 14.17.0
build\tsetup\t2023-10-01T12:00:14Z ##[endgroup]
build\tstep\t2023-10-01T12:00:15Z Running build script...
build\tstep\t2023-10-01T12:00:16Z Compiling source files...
build\tstep\t2023-10-01T12:00:17Z Compiling source files: done
build\tstep\t2023-10-01T12:00:18Z Running linter...
build\tstep\t2023-10-01T12:00:19Z Linting source files: done
test\tsetup\t2023-10-01T12:00:20Z Starting setup for test job
test\tsetup\t2023-10-01T12:00:21Z Installing test dependencies...
test\tsetup\t2023-10-01T12:00:22Z Collecting package metadata: ... 
test\tsetup\t2023-10-01T12:00:23Z Collecting package metadata: done
test\tsetup\t2023-10-01T12:00:24Z Installing packages: ... 
test\tsetup\t2023-10-01T12:00:25Z Successfully installed pytest-6.2.4
test\tstep\t2023-10-01T12:00:26Z Running tests...
test\tstep\t2023-10-01T12:00:27Z Test suite started
test\tstep\t2023-10-01T12:00:28Z Running test: test_example.py
test\tstep\t2023-10-01T12:00:29Z Running test: test_example.py: PASS
test\tstep\t2023-10-01T12:00:30Z Running test: test_missing_module.py
test\tstep\t2023-10-01T12:00:31Z ##[error]ModuleNotFoundError: No module named 'missing_module'
test\tstep\t2023-10-01T12:00:32Z Test suite failed
test\tstep\t2023-10-01T12:00:33Z ##[group]Error Details
test\tstep\t2023-10-01T12:00:34Z FAILURE: missing Python module
test\tstep\t2023-10-01T12:00:35Z ##[endgroup]
deploy\tsetup\t2023-10-01T12:00:36Z Starting setup for deploy job
deploy\tsetup\t2023-10-01T12:00:37Z Preparing deployment environment...
deploy\tsetup\t2023-10-01T12:00:38Z Deploying to production server...
deploy\tsetup\t2023-10-01T12:00:39Z Deployment successful
deploy\tstep\t2023-10-01T12:00:40Z Running post-deployment checks...
deploy\tstep\t2023-10-01T12:00:41Z All checks passed.

-------------------------