-------------------

-------------------
build\tsetup\t2023-10-01T10:00:00Z Starting build job...
build\tsetup\t2023-10-01T10:00:01Z Setting up the environment...
build\tsetup\t2023-10-01T10:00:02Z Node.js version 16.13.0 is being installed...
build\tsetup\t2023-10-01T10:00:05Z Node.js installation complete.
build\tsetup\t2023-10-01T10:00:05Z Installing dependencies...
build\tsetup\t2023-10-01T10:00:06Z npm install --silent
build\tsetup\t2023-10-01T10:00:07Z > package@1.0.0 install /home/runner/work/my-repo/node_modules/package
build\tsetup\t2023-10-01T10:00:07Z > node-gyp rebuild
build\tsetup\t2023-10-01T10:00:09Z ✔  package@1.0.0 installed
build\tsetup\t2023-10-01T10:00:09Z Dependencies installed successfully.
build\tsetup\t2023-10-01T10:00:10Z Environment setup complete.
build\tbuild\t2023-10-01T10:00:10Z Starting the build process...
build\tbuild\t2023-10-01T10:00:11Z Compiling source files...
build\tbuild\t2023-10-01T10:00:12Z > tsc --noEmit
build\tbuild\t2023-10-01T10:00:12Z ✔  Compilation successful.
build\tbuild\t2023-10-01T10:00:13Z Running build script...
build\tbuild\t2023-10-01T10:00:14Z > npm run build
build\tbuild\t2023-10-01T10:00:15Z > webpack --mode production
build\tbuild\t2023-10-01T10:00:16Z Hash: 123456789abcdef
build\tbuild\t2023-10-01T10:00:16Z Version: webpack 5.0.0
build\tbuild\t2023-10-01T10:00:17Z Time: 1000ms
build\tbuild\t2023-10-01T10:00:17Z Asset: main.js
build\tbuild\t2023-10-01T10:00:17Z  [0] ./src/index.js 1.2 kB {main} [built]
build\tbuild\t2023-10-01T10:00:18Z Build completed successfully.
build\tbuild\t2023-10-01T10:00:19Z Build job finished successfully.
##[group] Running tests
test\tsetup\t2023-10-01T10:00:20Z Starting test job...
test\tsetup\t2023-10-01T10:00:21Z Setting up test environment...
test\tsetup\t2023-10-01T10:00:22Z Running tests with Jest...
test\tsetup\t2023-10-01T10:00:23Z > jest --coverage
test\tsetup\t2023-10-01T10:00:24Z  PASS  ./src/index.test.js
test\tsetup\t2023-10-01T10:00:25Z  Test Suites: 1 passed, 1 total
test\tsetup\t2023-10-01T10:00:25Z  Tests:       1 passed, 1 total
test\tsetup\t2023-10-01T10:00:25Z  Snapshots:   0 total
test\tsetup\t2023-10-01T10:00:26Z  Time:        500ms
test\tsetup\t2023-10-01T10:00:26Z Test job finished successfully.
##[endgroup]
deploy\tsetup\t2023-10-01T10:00:27Z Starting deployment job...
deploy\tsetup\t2023-10-01T10:00:28Z Setting up deployment environment...
deploy\tsetup\t2023-10-01T10:00:29Z Deploying to production...
deploy\tsetup\t2023-10-01T10:00:30Z Checking version compatibility...
deploy\tsetup\t2023-10-01T10:00:31Z ERROR: Version mismatch detected! Expected version 2.0.0 but found 1.8.0.
deploy\tsetup\t2023-10-01T10:00:32Z Deployment failed due to version mismatch.
deploy\tsetup\t2023-10-01T10:00:33Z Please check the version of the deployed package.
deploy\tsetup\t2023-10-01T10:00:34Z Deployment job finished with errors.
deploy\tcleanup\t2023-10-01T10:00:35Z Cleaning up deployment environment...
deploy\tcleanup\t2023-10-01T10:00:36Z Cleanup complete.
deploy\tcleanup\t2023-10-01T10:00:37Z Deployment process finished.

-------------------------